Flow report for lab2_4
Fri Sep 24 14:55:31 2021
Quartus II 64-Bit Version 13.1.0 Build 162 10/23/2013 SJ Web Edition


---------------------
; Table of Contents ;
---------------------
  1. Legal Notice
  2. Flow Summary
  3. Flow Settings
  4. Flow Non-Default Global Settings
  5. Flow Elapsed Time
  6. Flow OS Summary
  7. Flow Log
  8. Flow Messages
  9. Flow Suppressed Messages



----------------
; Legal Notice ;
----------------
Copyright (C) 1991-2013 Altera Corporation
Your use of Altera Corporation's design tools, logic functions 
and other software and tools, and its AMPP partner logic 
functions, and any output files from any of the foregoing 
(including device programming or simulation files), and any 
associated documentation or information are expressly subject 
to the terms and conditions of the Altera Program License 
Subscription Agreement, Altera MegaCore Function License 
Agreement, or other applicable license agreement, including, 
without limitation, that your use is for the sole purpose of 
programming logic devices manufactured by Altera and sold by 
Altera or its authorized distributors.  Please refer to the 
applicable agreement for further details.



+---------------------------------------------------------------------------------+
; Flow Summary                                                                    ;
+------------------------------------+--------------------------------------------+
; Flow Status                        ; Successful - Fri Sep 24 14:55:31 2021      ;
; Quartus II 64-Bit Version          ; 13.1.0 Build 162 10/23/2013 SJ Web Edition ;
; Revision Name                      ; lab2_4                                     ;
; Top-level Entity Name              ; lab2_4                                     ;
; Family                             ; Cyclone IV E                               ;
; Device                             ; EP4CE6E22C8                                ;
; Timing Models                      ; Final                                      ;
; Total logic elements               ; 54 / 6,272 ( < 1 % )                       ;
;     Total combinational functions  ; 54 / 6,272 ( < 1 % )                       ;
;     Dedicated logic registers      ; 0 / 6,272 ( 0 % )                          ;
; Total registers                    ; 0                                          ;
; Total pins                         ; 14 / 92 ( 15 % )                           ;
; Total virtual pins                 ; 0                                          ;
; Total memory bits                  ; 0 / 276,480 ( 0 % )                        ;
; Embedded Multiplier 9-bit elements ; 0 / 30 ( 0 % )                             ;
; Total PLLs                         ; 0 / 2 ( 0 % )                              ;
+------------------------------------+--------------------------------------------+


+-----------------------------------------+
; Flow Settings                           ;
+-------------------+---------------------+
; Option            ; Setting             ;
+-------------------+---------------------+
; Start date & time ; 09/24/2021 14:48:44 ;
; Main task         ; Compilation         ;
; Revision Name     ; lab2_4              ;
+-------------------+---------------------+


+---------------------------------------------------------------------------------------------------------------------------------+
; Flow Non-Default Global Settings                                                                                                ;
+-------------------------------------+--------------------------------------------+---------------+-------------+----------------+
; Assignment Name                     ; Value                                      ; Default Value ; Entity Name ; Section Id     ;
+-------------------------------------+--------------------------------------------+---------------+-------------+----------------+
; COMPILER_SIGNATURE_ID               ; 53447176884684.163248412408860             ; --            ; --          ; --             ;
; EDA_GENERATE_FUNCTIONAL_NETLIST     ; On                                         ; --            ; --          ; eda_simulation ;
; EDA_NETLIST_WRITER_OUTPUT_DIR       ; D:/verilogLAB/lab2/lab2_4/simulation/qsim/ ; --            ; --          ; eda_simulation ;
; EDA_OUTPUT_DATA_FORMAT              ; Verilog Hdl                                ; --            ; --          ; eda_simulation ;
; EDA_SIMULATION_TOOL                 ; ModelSim-Altera (Verilog)                  ; <None>        ; --          ; --             ;
; MAX_CORE_JUNCTION_TEMP              ; 85                                         ; --            ; --          ; --             ;
; MIN_CORE_JUNCTION_TEMP              ; 0                                          ; --            ; --          ; --             ;
; NOMINAL_CORE_SUPPLY_VOLTAGE         ; 1.2V                                       ; --            ; --          ; --             ;
; PARTITION_COLOR                     ; 16764057                                   ; --            ; --          ; Top            ;
; PARTITION_FITTER_PRESERVATION_LEVEL ; PLACEMENT_AND_ROUTING                      ; --            ; --          ; Top            ;
; PARTITION_NETLIST_TYPE              ; SOURCE                                     ; --            ; --          ; Top            ;
; PROJECT_OUTPUT_DIRECTORY            ; output_files                               ; --            ; --          ; --             ;
+-------------------------------------+--------------------------------------------+---------------+-------------+----------------+


+-------------------------------------------------------------------------------------------------------------------------------+
; Flow Elapsed Time                                                                                                             ;
+---------------------------+--------------+-------------------------+---------------------+------------------------------------+
; Module Name               ; Elapsed Time ; Average Processors Used ; Peak Virtual Memory ; Total CPU Time (on all processors) ;
+---------------------------+--------------+-------------------------+---------------------+------------------------------------+
; Analysis & Synthesis      ; 00:00:01     ; 1.0                     ; 4626 MB             ; 00:00:01                           ;
; Fitter                    ; 00:00:03     ; 1.0                     ; 4939 MB             ; 00:00:03                           ;
; Assembler                 ; 00:00:01     ; 1.0                     ; 4566 MB             ; 00:00:01                           ;
; TimeQuest Timing Analyzer ; 00:00:01     ; 1.0                     ; 4610 MB             ; 00:00:01                           ;
; EDA Netlist Writer        ; 00:00:00     ; 1.0                     ; 4521 MB             ; 00:00:00                           ;
; EDA Netlist Writer        ; 00:00:00     ; 1.0                     ; 4538 MB             ; 00:00:00                           ;
; EDA Netlist Writer        ; 00:00:00     ; 1.0                     ; 4538 MB             ; 00:00:01                           ;
; EDA Netlist Writer        ; 00:00:00     ; 1.0                     ; 4538 MB             ; 00:00:00                           ;
; EDA Netlist Writer        ; 00:00:00     ; 1.0                     ; 4538 MB             ; 00:00:01                           ;
; Total                     ; 00:00:06     ; --                      ; --                  ; 00:00:08                           ;
+---------------------------+--------------+-------------------------+---------------------+------------------------------------+


+----------------------------------------------------------------------------------------+
; Flow OS Summary                                                                        ;
+---------------------------+------------------+-----------+------------+----------------+
; Module Name               ; Machine Hostname ; OS Name   ; OS Version ; Processor type ;
+---------------------------+------------------+-----------+------------+----------------+
; Analysis & Synthesis      ; DESKTOP-PVCQUAF  ; Windows 7 ; 6.2        ; x86_64         ;
; Fitter                    ; DESKTOP-PVCQUAF  ; Windows 7 ; 6.2        ; x86_64         ;
; Assembler                 ; DESKTOP-PVCQUAF  ; Windows 7 ; 6.2        ; x86_64         ;
; TimeQuest Timing Analyzer ; DESKTOP-PVCQUAF  ; Windows 7 ; 6.2        ; x86_64         ;
; EDA Netlist Writer        ; DESKTOP-PVCQUAF  ; Windows 7 ; 6.2        ; x86_64         ;
; EDA Netlist Writer        ; DESKTOP-PVCQUAF  ; Windows 7 ; 6.2        ; x86_64         ;
; EDA Netlist Writer        ; DESKTOP-PVCQUAF  ; Windows 7 ; 6.2        ; x86_64         ;
; EDA Netlist Writer        ; DESKTOP-PVCQUAF  ; Windows 7 ; 6.2        ; x86_64         ;
; EDA Netlist Writer        ; DESKTOP-PVCQUAF  ; Windows 7 ; 6.2        ; x86_64         ;
+---------------------------+------------------+-----------+------------+----------------+


------------
; Flow Log ;
------------
quartus_map --read_settings_files=on --write_settings_files=off lab2_4 -c lab2_4
quartus_fit --read_settings_files=off --write_settings_files=off lab2_4 -c lab2_4
quartus_asm --read_settings_files=off --write_settings_files=off lab2_4 -c lab2_4
quartus_sta lab2_4 -c lab2_4
quartus_eda --read_settings_files=off --write_settings_files=off lab2_4 -c lab2_4
quartus_eda --gen_testbench --check_outputs=on --tool=modelsim_oem --format=verilog lab2_4 -c lab2_4 --vector_source=D:/verilogLAB/lab2/lab2_4/Waveform.vwf --testbench_file=D:/verilogLAB/lab2/lab2_4/simulation/qsim/Waveform.vwf.vt
quartus_eda --functional=on --flatten_buses=off --simulation=on --tool=modelsim_oem --format=verilog --output_directory=D:/verilogLAB/lab2/lab2_4/simulation/qsim/ lab2_4 -c lab2_4
quartus_eda --gen_testbench --check_outputs=on --tool=modelsim_oem --format=verilog lab2_4 -c lab2_4 --vector_source=D:/verilogLAB/lab2/lab2_4/Waveform.vwf --testbench_file=D:/verilogLAB/lab2/lab2_4/simulation/qsim/Waveform.vwf.vt
quartus_eda --functional=on --flatten_buses=off --simulation=on --tool=modelsim_oem --format=verilog --output_directory=D:/verilogLAB/lab2/lab2_4/simulation/qsim/ lab2_4 -c lab2_4



