Flow report for lab3_4
Sat Oct 09 10:46:08 2021
Quartus Prime Version 20.1.1 Build 720 11/11/2020 SJ Lite Edition


---------------------
; Table of Contents ;
---------------------
  1. Legal Notice
  2. Flow Summary
  3. Flow Settings
  4. Flow Non-Default Global Settings
  5. Flow Elapsed Time
  6. Flow OS Summary
  7. Flow Log
  8. Flow Messages
  9. Flow Suppressed Messages



----------------
; Legal Notice ;
----------------
Copyright (C) 2020  Intel Corporation. All rights reserved.
Your use of Intel Corporation's design tools, logic functions 
and other software and tools, and any partner logic 
functions, and any output files from any of the foregoing 
(including device programming or simulation files), and any 
associated documentation or information are expressly subject 
to the terms and conditions of the Intel Program License 
Subscription Agreement, the Intel Quartus Prime License Agreement,
the Intel FPGA IP License Agreement, or other applicable license
agreement, including, without limitation, that your use is for
the sole purpose of programming logic devices manufactured by
Intel and sold by Intel or its authorized distributors.  Please
refer to the applicable agreement for further details, at
https://fpgasoftware.intel.com/eula.



+----------------------------------------------------------------------------------+
; Flow Summary                                                                     ;
+------------------------------------+---------------------------------------------+
; Flow Status                        ; Successful - Sat Oct 09 10:46:08 2021       ;
; Quartus Prime Version              ; 20.1.1 Build 720 11/11/2020 SJ Lite Edition ;
; Revision Name                      ; lab3_4                                      ;
; Top-level Entity Name              ; lab3_4                                      ;
; Family                             ; Cyclone IV E                                ;
; Device                             ; EP4CE6E22C8                                 ;
; Timing Models                      ; Final                                       ;
; Total logic elements               ; 24 / 6,272 ( < 1 % )                        ;
;     Total combinational functions  ; 24 / 6,272 ( < 1 % )                        ;
;     Dedicated logic registers      ; 0 / 6,272 ( 0 % )                           ;
; Total registers                    ; 0                                           ;
; Total pins                         ; 16 / 92 ( 17 % )                            ;
; Total virtual pins                 ; 0                                           ;
; Total memory bits                  ; 0 / 276,480 ( 0 % )                         ;
; Embedded Multiplier 9-bit elements ; 0 / 30 ( 0 % )                              ;
; Total PLLs                         ; 0 / 2 ( 0 % )                               ;
+------------------------------------+---------------------------------------------+


+-----------------------------------------+
; Flow Settings                           ;
+-------------------+---------------------+
; Option            ; Setting             ;
+-------------------+---------------------+
; Start date & time ; 10/09/2021 10:45:44 ;
; Main task         ; Compilation         ;
; Revision Name     ; lab3_4              ;
+-------------------+---------------------+


+---------------------------------------------------------------------------------------------------------------------------------+
; Flow Non-Default Global Settings                                                                                                ;
+-------------------------------------+--------------------------------------------+---------------+-------------+----------------+
; Assignment Name                     ; Value                                      ; Default Value ; Entity Name ; Section Id     ;
+-------------------------------------+--------------------------------------------+---------------+-------------+----------------+
; COMPILER_SIGNATURE_ID               ; 963351307677.163376554302140               ; --            ; --          ; --             ;
; EDA_GENERATE_FUNCTIONAL_NETLIST     ; On                                         ; --            ; --          ; eda_simulation ;
; EDA_NETLIST_WRITER_OUTPUT_DIR       ; D:/verilogLAB/lab3/lab3_4/simulation/qsim/ ; --            ; --          ; eda_simulation ;
; EDA_OUTPUT_DATA_FORMAT              ; Verilog Hdl                                ; --            ; --          ; eda_simulation ;
; EDA_SIMULATION_TOOL                 ; ModelSim-Altera (Verilog)                  ; <None>        ; --          ; --             ;
; MAX_CORE_JUNCTION_TEMP              ; 85                                         ; --            ; --          ; --             ;
; MIN_CORE_JUNCTION_TEMP              ; 0                                          ; --            ; --          ; --             ;
; NOMINAL_CORE_SUPPLY_VOLTAGE         ; 1.2V                                       ; --            ; --          ; --             ;
; PARTITION_COLOR                     ; -- (Not supported for targeted family)     ; --            ; --          ; Top            ;
; PARTITION_FITTER_PRESERVATION_LEVEL ; -- (Not supported for targeted family)     ; --            ; --          ; Top            ;
; PARTITION_NETLIST_TYPE              ; -- (Not supported for targeted family)     ; --            ; --          ; Top            ;
; PROJECT_OUTPUT_DIRECTORY            ; output_files                               ; --            ; --          ; --             ;
+-------------------------------------+--------------------------------------------+---------------+-------------+----------------+


+--------------------------------------------------------------------------------------------------------------------------+
; Flow Elapsed Time                                                                                                        ;
+----------------------+--------------+-------------------------+---------------------+------------------------------------+
; Module Name          ; Elapsed Time ; Average Processors Used ; Peak Virtual Memory ; Total CPU Time (on all processors) ;
+----------------------+--------------+-------------------------+---------------------+------------------------------------+
; Analysis & Synthesis ; 00:00:08     ; 1.0                     ; 4758 MB             ; 00:00:18                           ;
; Fitter               ; 00:00:02     ; 1.0                     ; 5621 MB             ; 00:00:03                           ;
; Assembler            ; 00:00:00     ; 1.0                     ; 4680 MB             ; 00:00:01                           ;
; Timing Analyzer      ; 00:00:01     ; 1.0                     ; 4777 MB             ; 00:00:01                           ;
; EDA Netlist Writer   ; 00:00:01     ; 1.0                     ; 4636 MB             ; 00:00:00                           ;
; EDA Netlist Writer   ; 00:00:00     ; 1.0                     ; 4629 MB             ; 00:00:00                           ;
; EDA Netlist Writer   ; 00:00:01     ; 1.0                     ; 4638 MB             ; 00:00:00                           ;
; Total                ; 00:00:13     ; --                      ; --                  ; 00:00:23                           ;
+----------------------+--------------+-------------------------+---------------------+------------------------------------+


+------------------------------------------------------------------------------------+
; Flow OS Summary                                                                    ;
+----------------------+------------------+------------+------------+----------------+
; Module Name          ; Machine Hostname ; OS Name    ; OS Version ; Processor type ;
+----------------------+------------------+------------+------------+----------------+
; Analysis & Synthesis ; Pham-Nam-99      ; Windows 10 ; 10.0       ; x86_64         ;
; Fitter               ; Pham-Nam-99      ; Windows 10 ; 10.0       ; x86_64         ;
; Assembler            ; Pham-Nam-99      ; Windows 10 ; 10.0       ; x86_64         ;
; Timing Analyzer      ; Pham-Nam-99      ; Windows 10 ; 10.0       ; x86_64         ;
; EDA Netlist Writer   ; Pham-Nam-99      ; Windows 10 ; 10.0       ; x86_64         ;
; EDA Netlist Writer   ; Pham-Nam-99      ; Windows 10 ; 10.0       ; x86_64         ;
; EDA Netlist Writer   ; Pham-Nam-99      ; Windows 10 ; 10.0       ; x86_64         ;
+----------------------+------------------+------------+------------+----------------+


------------
; Flow Log ;
------------
quartus_map --read_settings_files=on --write_settings_files=off lab3_4 -c lab3_4
quartus_fit --read_settings_files=off --write_settings_files=off lab3_4 -c lab3_4
quartus_asm --read_settings_files=off --write_settings_files=off lab3_4 -c lab3_4
quartus_sta lab3_4 -c lab3_4
quartus_eda --read_settings_files=off --write_settings_files=off lab3_4 -c lab3_4
quartus_eda --gen_testbench --tool=modelsim_oem --format=verilog --write_settings_files=off lab3_4 -c lab3_4 --vector_source=D:/verilogLAB/lab3/lab3_4/Waveform.vwf --testbench_file=D:/verilogLAB/lab3/lab3_4/simulation/qsim/Waveform.vwf.vt
quartus_eda --write_settings_files=off --simulation=on --functional=on --flatten_buses=off --tool=modelsim_oem --format=verilog --output_directory=D:/verilogLAB/lab3/lab3_4/simulation/qsim/ lab3_4 -c lab3_4



